<?xml version="1.0" encoding="UTF-8"?>
<!-- Generated by org.testng.reporters.JUnitReportReporter -->
<testsuite hostname="DESKTOP-3S3TPKJ" failures="0" tests="1" name="practicetestautomation.PositiveLoginTests" time="11.713" errors="0" timestamp="2025-03-26T18:01:24 IST" skipped="0">
  <testcase classname="practicetestautomation.PositiveLoginTests" name="testLoginFunctionality" time="11.713"/>
</testsuite> <!-- practicetestautomation.PositiveLoginTests -->
