<?xml version="1.0" encoding="UTF-8"?>
<!-- Generated by org.testng.reporters.JUnitReportReporter -->
<testsuite hostname="DESKTOP-3S3TPKJ" failures="0" tests="2" name="practicetestautomation.NegativeLoginTests" time="10.678" errors="0" timestamp="2025-03-26T18:01:24 IST" skipped="0">
  <testcase classname="practicetestautomation.NegativeLoginTests" name="incorrectUsernameTest" time="5.790"/>
  <testcase classname="practicetestautomation.NegativeLoginTests" name="incorrectPasswordTest" time="4.888"/>
</testsuite> <!-- practicetestautomation.NegativeLoginTests -->
